[+] Containers:
 |- [+] Container: /Game/ThirdPerson/Maps/ThirdPersonMap
 |   |- [+] ActorDescs:
 |   |   |- Guid:048D62E246899EC62FA595ADA678AD4C BaseClass: NativeClass:/Script/Engine.StaticMeshActor Name:StaticMeshActor_UAID_2CF05D9770E87C5402_1632478055 Label:tmp_3nsq5_17 SpatiallyLoaded:1 Bounds:IsValid=true, Min=(X=2724.314 Y=2720.806 Z=-18.953), Max=(X=2751.519 Y=2954.868 Z=238.969) RuntimeGrid:None EditorOnly:0 RuntimeOnly:0 HLODRelevant:1 ListedInSceneOutliner:1 IsMainWorldOnly:0
 |   |   |- Guid:05126A5548A46ECB27515AA3A10083E5 BaseClass: NativeClass:/Script/Engine.StaticMeshActor Name:StaticMeshActor_UAID_2CF05D9770E8795402_2078161496 Label:tmp6uq9j4tj SpatiallyLoaded:1 Bounds:IsValid=true, Min=(X=1771.140 Y=3102.046 Z=0.559), Max=(X=1838.460 Y=3165.117 Z=138.880) RuntimeGrid:None EditorOnly:0 RuntimeOnly:0 HLODRelevant:1 ListedInSceneOutliner:1 IsMainWorldOnly:0
 |   |   |- Guid:05DB0B86413AB0BD007B16974669265D BaseClass: NativeClass:/Script/Engine.StaticMeshActor Name:StaticMeshActor_UAID_2CF05D9770E87C5402_1193813046 Label:tmp_3nsq5_11 SpatiallyLoaded:1 Bounds:IsValid=true, Min=(X=1427.481 Y=2940.132 Z=-18.953), Max=(X=1454.686 Y=3174.194 Z=238.969) RuntimeGrid:None EditorOnly:0 RuntimeOnly:0 HLODRelevant:1 ListedInSceneOutliner:1 IsMainWorldOnly:0
 |   |   |- Guid:0BF25E7A436E90B15B7A78A639DE4ED9 BaseClass: NativeClass:/Script/Engine.StaticMeshActor Name:StaticMeshActor_UAID_2CF05D9770E87C5402_1517225051 Label:tmp1m0o1gzw SpatiallyLoaded:1 Bounds:IsValid=true, Min=(X=1397.918 Y=2469.245 Z=235.525), Max=(X=2785.357 Y=3421.156 Z=672.818) RuntimeGrid:None EditorOnly:0 RuntimeOnly:0 HLODRelevant:1 ListedInSceneOutliner:1 IsMainWorldOnly:0
 |   |   |- Guid:0D43498E49DD52DF2BDAE993AA1B2EF8 BaseClass: NativeClass:/Script/Engine.PointLight Name:PointLight_UAID_2CF05D9770E87D5402_1170688243 Label:PointLight4 SpatiallyLoaded:1 Bounds:IsValid=true, Min=(X=1868.647 Y=2063.647 Z=-789.353), Max=(X=3539.353 Y=3734.353 Z=881.353) RuntimeGrid:None EditorOnly:0 RuntimeOnly:0 HLODRelevant:0 ListedInSceneOutliner:1 IsMainWorldOnly:0 Parent:AFB18A804662E8DB53A89C8FE3F5C7A8
 |   |   |- Guid:15EA932A49B6F013D54F18BA1FD8CA74 BaseClass: NativeClass:/Script/Engine.StaticMeshActor Name:StaticMeshActor_UAID_2CF05D9770E87B5402_1192032856 Label:tmpzvwn8bx6 SpatiallyLoaded:1 Bounds:IsValid=true, Min=(X=2848.351 Y=2104.043 Z=-8.967), Max=(X=3101.645 Y=2119.712 Z=248.956) RuntimeGrid:None EditorOnly:0 RuntimeOnly:0 HLODRelevant:1 ListedInSceneOutliner:1 IsMainWorldOnly:0
 |   |   |- Guid:15F42AF84983D5B375FBB0BD1D9829E0 BaseClass: NativeClass:/Script/Engine.StaticMeshActor Name:StaticMeshActor_UAID_2CF05D9770E87B5402_1303520859 Label:tmp_3nsq5_5 SpatiallyLoaded:1 Bounds:IsValid=true, Min=(X=1650.806 Y=2498.481 Z=-18.953), Max=(X=1884.868 Y=2525.686 Z=238.969) RuntimeGrid:None EditorOnly:0 RuntimeOnly:0 HLODRelevant:1 ListedInSceneOutliner:1 IsMainWorldOnly:0
 |   |   |- Guid:1F88BFD0400EEDC20799439EEC8E8758 BaseClass: NativeClass:/Script/Engine.StaticMeshActor Name:StaticMeshActor_UAID_2CF05D9770E87D5402_1159271242 Label:tmpldeupncw SpatiallyLoaded:1 Bounds:IsValid=true, Min=(X=2697.291 Y=2804.904 Z=-1.205), Max=(X=2745.098 Y=2996.726 Z=197.209) RuntimeGrid:None EditorOnly:0 RuntimeOnly:0 HLODRelevant:1 ListedInSceneOutliner:1 IsMainWorldOnly:0
 |   |   |- Guid:20F8D5EB49457CD33801CCB927A1EFCD BaseClass: NativeClass:/Script/Engine.StaticMeshActor Name:StaticMeshActor_UAID_2CF05D9770E87A5402_2038601676 Label:tmpxlsfk_8l SpatiallyLoaded:1 Bounds:IsValid=true, Min=(X=2693.667 Y=1856.776 Z=0.780), Max=(X=2706.279 Y=2055.223 Z=199.224) RuntimeGrid:None EditorOnly:0 RuntimeOnly:0 HLODRelevant:1 ListedInSceneOutliner:1 IsMainWorldOnly:0
 |   |   |- Guid:2874484A4533BFEAE29DEB902EC9B6D2 BaseClass: NativeClass:/Script/Engine.StaticMeshActor Name:StaticMeshActor_UAID_2CF05D9770E87B5402_1251169857 Label:tmp_3nsq5_3 SpatiallyLoaded:1 Bounds:IsValid=true, Min=(X=1430.806 Y=2498.481 Z=-18.953), Max=(X=1664.868 Y=2525.686 Z=238.969) RuntimeGrid:None EditorOnly:0 RuntimeOnly:0 HLODRelevant:1 ListedInSceneOutliner:1 IsMainWorldOnly:0
 |   |   |- Guid:2C93F9B644AECE4DF2CAC8A9BF1CD8B2 BaseClass: NativeClass:/Script/Engine.StaticMeshActor Name:StaticMeshActor_UAID_2CF05D9770E87B5402_1299059858 Label:tmp_3nsq5_4 SpatiallyLoaded:1 Bounds:IsValid=true, Min=(X=1870.806 Y=2498.481 Z=-18.953), Max=(X=2104.868 Y=2525.686 Z=238.969) RuntimeGrid:None EditorOnly:0 RuntimeOnly:0 HLODRelevant:1 ListedInSceneOutliner:1 IsMainWorldOnly:0
 |   |   |- Guid:2FB58999456391D349DC0F86DAC136ED BaseClass: NativeClass:/Script/Engine.SkyLight Name:SkyLight_1 Label:SkyLight SpatiallyLoaded:0 Bounds:IsValid=true, Min=(X=-2.000 Y=0.000 Z=690.000), Max=(X=-2.000 Y=0.000 Z=690.000) RuntimeGrid:None EditorOnly:0 RuntimeOnly:0 HLODRelevant:0 ListedInSceneOutliner:1 IsMainWorldOnly:0 FolderPath:Lighting FolderGuid:963EC3EB4002CCE9759E2EBA541A873A
 |   |   |- Guid:316CF2A6494ACA4C0E4180A87D36AB8F BaseClass: NativeClass:/Script/Engine.ExponentialHeightFog Name:ExponentialHeightFog_0 Label:ExponentialHeightFog SpatiallyLoaded:0 Bounds:IsValid=true, Min=(X=-5600.000 Y=-50.000 Z=-6850.000), Max=(X=-5600.000 Y=-50.000 Z=-6850.000) RuntimeGrid:None EditorOnly:0 RuntimeOnly:0 HLODRelevant:0 ListedInSceneOutliner:1 IsMainWorldOnly:0 FolderPath:Lighting FolderGuid:963EC3EB4002CCE9759E2EBA541A873A
 |   |   |- Guid:320DE5F941F94953F9F2CB85909C3AC9 BaseClass: NativeClass:/Script/Engine.StaticMeshActor Name:StaticMeshActor_UAID_2CF05D9770E87C5402_1674897057 Label:tmp_3nsq5_19 SpatiallyLoaded:1 Bounds:IsValid=true, Min=(X=2468.761 Y=2498.481 Z=-18.953), Max=(X=2756.837 Y=2525.686 Z=238.969) RuntimeGrid:None EditorOnly:0 RuntimeOnly:0 HLODRelevant:1 ListedInSceneOutliner:1 IsMainWorldOnly:0
 |   |   |- Guid:35755C8F45564B49BC378996EEB07668 BaseClass: NativeClass:/Script/Engine.StaticMeshActor Name:StaticMeshActor_UAID_2CF05D9770E87C5402_1632476054 Label:tmp_3nsq5_16 SpatiallyLoaded:1 Bounds:IsValid=true, Min=(X=2724.314 Y=2939.806 Z=-18.953), Max=(X=2751.519 Y=3173.868 Z=238.969) RuntimeGrid:None EditorOnly:0 RuntimeOnly:0 HLODRelevant:1 ListedInSceneOutliner:1 IsMainWorldOnly:0
 |   |   |- Guid:3A00AA1C422CE54C0BDB60BAF471BFBB BaseClass: NativeClass:/Script/Engine.PlayerStart Name:PlayerStart_0 Label:PlayerStart SpatiallyLoaded:0 Bounds:IsValid=true, Min=(X=860.000 Y=690.000 Z=0.013), Max=(X=940.000 Y=770.000 Z=184.013) RuntimeGrid:None EditorOnly:0 RuntimeOnly:0 HLODRelevant:0 ListedInSceneOutliner:1 IsMainWorldOnly:0
 |   |   |- Guid:3E04BF8B41026D9E842FD5BAF1ECB022 BaseClass: NativeClass:/Script/Engine.StaticMeshActor Name:StaticMeshActor_UAID_2CF05D9770E87B5402_1332316860 Label:tmp_3nsq5_6 SpatiallyLoaded:1 Bounds:IsValid=true, Min=(X=2250.806 Y=2498.481 Z=-18.953), Max=(X=2484.868 Y=2525.686 Z=238.969) RuntimeGrid:None EditorOnly:0 RuntimeOnly:0 HLODRelevant:1 ListedInSceneOutliner:1 IsMainWorldOnly:0
 |   |   |- Guid:431EE75A4F9503A879F7ADBE8631CA65 BaseClass: NativeClass:/Script/Engine.StaticMeshActor Name:StaticMeshActor_UAID_2CF05D9770E87C5402_1707479058 Label:tmp_3nsq5_20 SpatiallyLoaded:1 Bounds:IsValid=true, Min=(X=2307.254 Y=3364.314 Z=-18.953), Max=(X=2757.373 Y=3391.519 Z=238.969) RuntimeGrid:None EditorOnly:0 RuntimeOnly:0 HLODRelevant:1 ListedInSceneOutliner:1 IsMainWorldOnly:0
 |   |   |- Guid:484BA3E2492764A70D99C988AFA74261 BaseClass: NativeClass:/Script/Engine.StaticMeshActor Name:StaticMeshActor_UAID_2CF05D9770E8765402_1180558967 Label:tmpnvy9tf4m SpatiallyLoaded:1 Bounds:IsValid=true, Min=(X=2249.757 Y=675.337 Z=0.832), Max=(X=2390.235 Y=825.884 Z=199.026) RuntimeGrid:None EditorOnly:0 RuntimeOnly:0 HLODRelevant:1 ListedInSceneOutliner:1 IsMainWorldOnly:0
 |   |   |- Guid:4D3BE93F4146AAAC8BBE79999D96D57F BaseClass: NativeClass:/Script/Engine.VolumetricCloud Name:VolumetricCloud_0 Label:VolumetricCloud SpatiallyLoaded:0 Bounds:IsValid=true, Min=(X=0.000 Y=0.000 Z=820.000), Max=(X=0.000 Y=0.000 Z=820.000) RuntimeGrid:None EditorOnly:0 RuntimeOnly:0 HLODRelevant:0 ListedInSceneOutliner:1 IsMainWorldOnly:0 FolderPath:Lighting FolderGuid:963EC3EB4002CCE9759E2EBA541A873A
 |   |   |- Guid:5E982A764E333C395A68FF8A6095AA3A BaseClass: NativeClass:/Script/Engine.PointLight Name:PointLight_UAID_2CF05D9770E87C5402_1968671062 Label:PointLight2 SpatiallyLoaded:1 Bounds:IsValid=true, Min=(X=1089.647 Y=2217.647 Z=-665.353), Max=(X=2760.353 Y=3888.353 Z=1005.353) RuntimeGrid:None EditorOnly:0 RuntimeOnly:0 HLODRelevant:0 ListedInSceneOutliner:1 IsMainWorldOnly:0 Parent:AFB18A804662E8DB53A89C8FE3F5C7A8
 |   |   |- Guid:6BAF4DDD444C60371492D3919DB42C97 BaseClass: NativeClass:/Script/Engine.WorldDataLayers Name:WorldDataLayers Label:WorldDataLayers SpatiallyLoaded:0 Bounds:IsValid=true, Min=(X=0.000 Y=0.000 Z=0.000), Max=(X=0.000 Y=0.000 Z=0.000) RuntimeGrid:None EditorOnly:0 RuntimeOnly:0 HLODRelevant:0 ListedInSceneOutliner:1 IsMainWorldOnly:1
 |   |   |- Guid:6E47FEB74A1A393E2DAE99B429D44561 BaseClass: NativeClass:/Script/Engine.StaticMeshActor Name:StaticMeshActor_UAID_2CF05D9770E87A5402_2131338677 Label:tmp3tpmv0yc SpatiallyLoaded:1 Bounds:IsValid=true, Min=(X=2255.286 Y=2348.592 Z=0.975), Max=(X=2280.710 Y=2516.818 Z=239.026) RuntimeGrid:None EditorOnly:0 RuntimeOnly:0 HLODRelevant:1 ListedInSceneOutliner:1 IsMainWorldOnly:0
 |   |   |- Guid:86D955B84B16008AD297E3841D2BBE7F BaseClass: NativeClass:/Script/Engine.PointLight Name:PointLight_UAID_2CF05D9770E87C5402_1764484059 Label:PointLight SpatiallyLoaded:1 Bounds:IsValid=true, Min=(X=941.647 Y=2217.647 Z=-665.353), Max=(X=2612.353 Y=3888.353 Z=1005.353) RuntimeGrid:None EditorOnly:0 RuntimeOnly:0 HLODRelevant:0 ListedInSceneOutliner:1 IsMainWorldOnly:0 Parent:AFB18A804662E8DB53A89C8FE3F5C7A8
 |   |   |- Guid:8A375F1948E2ED5290E270A4AF28B675 BaseClass: NativeClass:/Script/Engine.StaticMeshActor Name:StaticMeshActor_UAID_2CF05D9770E87C5402_1632474053 Label:tmp_3nsq5_15 SpatiallyLoaded:1 Bounds:IsValid=true, Min=(X=2724.314 Y=3159.806 Z=-18.953), Max=(X=2751.519 Y=3393.868 Z=238.969) RuntimeGrid:None EditorOnly:0 RuntimeOnly:0 HLODRelevant:1 ListedInSceneOutliner:1 IsMainWorldOnly:0
 |   |   |- Guid:8C594F9B450BE8794558DE96D50BDA13 BaseClass: NativeClass:/Script/Engine.StaticMeshActor Name:StaticMeshActor_UAID_2CF05D9770E87C5402_1138868041 Label:tmp_3nsq5_8 SpatiallyLoaded:1 Bounds:IsValid=true, Min=(X=1873.132 Y=3364.314 Z=-18.953), Max=(X=2107.194 Y=3391.519 Z=238.969) RuntimeGrid:None EditorOnly:0 RuntimeOnly:0 HLODRelevant:1 ListedInSceneOutliner:1 IsMainWorldOnly:0
 |   |   |- Guid:8F2FF35C447C6D37ED87B2A98FFEAD4B BaseClass: NativeClass:/Script/Engine.StaticMeshActor Name:StaticMeshActor_UAID_2CF05D9770E87C5402_2111294064 Label:tmpurqmkv7e SpatiallyLoaded:1 Bounds:IsValid=true, Min=(X=1994.635 Y=2890.198 Z=402.867), Max=(X=2126.884 Y=3019.404 Z=590.148) RuntimeGrid:None EditorOnly:0 RuntimeOnly:0 HLODRelevant:1 ListedInSceneOutliner:1 IsMainWorldOnly:0
 |   |   |- Guid:99DEB71E45446792C7B59B98BBA7AAE8 BaseClass: NativeClass:/Script/Engine.StaticMeshActor Name:StaticMeshActor_UAID_2CF05D9770E87C5402_1138869042 Label:tmp_3nsq5_9 SpatiallyLoaded:1 Bounds:IsValid=true, Min=(X=1653.132 Y=3364.314 Z=-18.953), Max=(X=1887.194 Y=3391.519 Z=238.969) RuntimeGrid:None EditorOnly:0 RuntimeOnly:0 HLODRelevant:1 ListedInSceneOutliner:1 IsMainWorldOnly:0
 |   |   |- Guid:9B8E8DC842DC1F9236F68696D4AE4288 BaseClass: NativeClass:/Script/Engine.StaticMeshActor Name:StaticMeshActor_UAID_2CF05D9770E87C5402_1219098048 Label:tmp_3nsq5_13 SpatiallyLoaded:1 Bounds:IsValid=true, Min=(X=1427.481 Y=2501.132 Z=-18.953), Max=(X=1454.686 Y=2735.194 Z=238.969) RuntimeGrid:None EditorOnly:0 RuntimeOnly:0 HLODRelevant:1 ListedInSceneOutliner:1 IsMainWorldOnly:0
 |   |   |- Guid:ADCD49B24A3420EB3411DDB3FE215EFE BaseClass: NativeClass:/Script/Engine.StaticMeshActor Name:StaticMeshActor_UAID_2CF05D9770E87B5402_1484946862 Label:tmp6uq9j4tj3 SpatiallyLoaded:1 Bounds:IsValid=true, Min=(X=1871.540 Y=2942.883 Z=0.559), Max=(X=1938.860 Y=3005.954 Z=138.880) RuntimeGrid:None EditorOnly:0 RuntimeOnly:0 HLODRelevant:1 ListedInSceneOutliner:1 IsMainWorldOnly:0
 |   |   |- Guid:AEC9BF0B475A7B1BBE0ED78846ED8D39 BaseClass: NativeClass:/Script/Engine.StaticMeshActor Name:StaticMeshActor_UAID_2CF05D9770E87C5402_1138867040 Label:tmp_3nsq5_7 SpatiallyLoaded:1 Bounds:IsValid=true, Min=(X=1433.132 Y=3364.314 Z=-18.953), Max=(X=1667.194 Y=3391.519 Z=238.969) RuntimeGrid:None EditorOnly:0 RuntimeOnly:0 HLODRelevant:1 ListedInSceneOutliner:1 IsMainWorldOnly:0
 |   |   |- Guid:AFB18A804662E8DB53A89C8FE3F5C7A8 BaseClass: NativeClass:/Script/Engine.StaticMeshActor Name:StaticMeshActor_UAID_2CF05D9770E87A5402_1357475674 Label:Candle SpatiallyLoaded:1 Bounds:IsValid=true, Min=(X=1763.253 Y=3039.422 Z=104.257), Max=(X=1792.516 Y=3068.438 Z=161.017) RuntimeGrid:None EditorOnly:0 RuntimeOnly:0 HLODRelevant:1 ListedInSceneOutliner:1 IsMainWorldOnly:0
 |   |   |- Guid:B785ED2844B84CFB91E7F39FE661CD99 BaseClass: NativeClass:/Script/Engine.DirectionalLight Name:DirectionalLight_0 Label:DirectionalLight SpatiallyLoaded:0 Bounds:IsValid=true, Min=(X=-4398046511104.000 Y=-4398046511104.000 Z=-4398046511104.000), Max=(X=4398046511104.000 Y=4398046511104.000 Z=4398046511104.000) RuntimeGrid:None EditorOnly:0 RuntimeOnly:0 HLODRelevant:0 ListedInSceneOutliner:1 IsMainWorldOnly:0 FolderPath:Lighting FolderGuid:963EC3EB4002CCE9759E2EBA541A873A
 |   |   |- Guid:BEF7E8F94431713B20AB76A313D4F8DE BaseClass: NativeClass:/Script/Engine.StaticMeshActor Name:StaticMeshActor_UAID_2CF05D9770E87B5402_1495560863 Label:tmp6uq9j4tj4 SpatiallyLoaded:1 Bounds:IsValid=true, Min=(X=1781.540 Y=2942.883 Z=0.559), Max=(X=1848.860 Y=3005.954 Z=138.880) RuntimeGrid:None EditorOnly:0 RuntimeOnly:0 HLODRelevant:1 ListedInSceneOutliner:1 IsMainWorldOnly:0
 |   |   |- Guid:BFC6D0444B854E81A8C3C980124050FD BaseClass: NativeClass:/Script/Engine.StaticMeshActor Name:StaticMeshActor_UAID_2CF05D9770E87C5402_1202447047 Label:tmp_3nsq5_12 SpatiallyLoaded:1 Bounds:IsValid=true, Min=(X=1427.481 Y=2721.132 Z=-18.953), Max=(X=1454.686 Y=2955.194 Z=238.969) RuntimeGrid:None EditorOnly:0 RuntimeOnly:0 HLODRelevant:1 ListedInSceneOutliner:1 IsMainWorldOnly:0
 |   |   |- Guid:C5D863164AD6F70BF199548F6F57594B BaseClass: NativeClass:/Script/Engine.StaticMeshActor Name:StaticMeshActor_UAID_2CF05D9770E87C5402_1343962049 Label:tmpixp3_5wg SpatiallyLoaded:1 Bounds:IsValid=true, Min=(X=1672.301 Y=2650.445 Z=-1.540), Max=(X=2006.281 Y=2819.885 Z=1.203) RuntimeGrid:None EditorOnly:0 RuntimeOnly:0 HLODRelevant:1 ListedInSceneOutliner:1 IsMainWorldOnly:0
 |   |   |- Guid:CCFF262C46EEFFDF319E7F9539CE697E BaseClass: NativeClass:/Script/Engine.SkyAtmosphere Name:SkyAtmosphere_0 Label:SkyAtmosphere SpatiallyLoaded:0 Bounds:IsValid=true, Min=(X=0.000 Y=0.000 Z=1020.000), Max=(X=0.000 Y=0.000 Z=1020.000) RuntimeGrid:None EditorOnly:0 RuntimeOnly:0 HLODRelevant:0 ListedInSceneOutliner:1 IsMainWorldOnly:0 FolderPath:Lighting FolderGuid:963EC3EB4002CCE9759E2EBA541A873A
 |   |   |- Guid:DEAD5F0546F26EEEB3A7AF8A312D72A5 BaseClass: NativeClass:/Script/Engine.StaticMeshActor Name:StaticMeshActor_UAID_2CF05D9770E87B5402_1481661861 Label:tmp6uq9j4tj2 SpatiallyLoaded:1 Bounds:IsValid=true, Min=(X=1871.140 Y=3102.046 Z=0.559), Max=(X=1938.460 Y=3165.117 Z=138.880) RuntimeGrid:None EditorOnly:0 RuntimeOnly:0 HLODRelevant:1 ListedInSceneOutliner:1 IsMainWorldOnly:0
 |   |   |- Guid:E6817D7A43DD4171C7FF62B82CA7F460 BaseClass: NativeClass:/Script/Engine.StaticMeshActor Name:StaticMeshActor_UAID_2CF05D9770E87C5402_2010757063 Label:tmpixp3_5wg2 SpatiallyLoaded:1 Bounds:IsValid=true, Min=(X=2327.115 Y=2718.301 Z=-1.540), Max=(X=2496.555 Y=3052.281 Z=1.203) RuntimeGrid:None EditorOnly:0 RuntimeOnly:0 HLODRelevant:1 ListedInSceneOutliner:1 IsMainWorldOnly:0
 |   |   |- Guid:EC4E0C944CE6AC6E784BC6BB2916EA13 BaseClass: NativeClass:/Script/Engine.StaticMeshActor Name:StaticMeshActor_UAID_A4AE111137DC5EFB00_1110535423 Label:SM_SkySphere SpatiallyLoaded:0 Bounds:IsValid=true, Min=(X=-1638400.000 Y=-1638400.000 Z=-1638400.000), Max=(X=1638400.000 Y=1638400.000 Z=1638400.000) RuntimeGrid:None EditorOnly:0 RuntimeOnly:0 HLODRelevant:1 ListedInSceneOutliner:1 IsMainWorldOnly:0 FolderPath:Lighting FolderGuid:963EC3EB4002CCE9759E2EBA541A873A
 |   |   |- Guid:ED64189446F122D6835837B9F8638353 BaseClass: NativeClass:/Script/Engine.StaticMeshActor Name:StaticMeshActor_UAID_2CF05D9770E8795402_2145046497 Label:tmp6e6_elv7 SpatiallyLoaded:1 Bounds:IsValid=true, Min=(X=1716.198 Y=2967.636 Z=-4.749), Max=(X=2013.809 Y=3120.365 Z=104.689) RuntimeGrid:None EditorOnly:0 RuntimeOnly:0 HLODRelevant:1 ListedInSceneOutliner:1 IsMainWorldOnly:0
 |   |   |- Guid:ED789CCE49A89ED71E5C39B3D00B62EC BaseClass: NativeClass:/Script/Engine.StaticMeshActor Name:StaticMeshActor_UAID_2CF05D9770E87C5402_1632480056 Label:tmp_3nsq5_18 SpatiallyLoaded:1 Bounds:IsValid=true, Min=(X=2724.314 Y=2500.806 Z=-18.953), Max=(X=2751.519 Y=2734.868 Z=238.969) RuntimeGrid:None EditorOnly:0 RuntimeOnly:0 HLODRelevant:1 ListedInSceneOutliner:1 IsMainWorldOnly:0
 |   |   |- Guid:F1924B8D48954B30891B2DB6A694F9CC BaseClass: NativeClass:/Script/Engine.StaticMeshActor Name:StaticMeshActor_1 Label:SM_Cube SpatiallyLoaded:1 Bounds:IsValid=true, Min=(X=-1302.000 Y=-1047.000 Z=-50.000), Max=(X=3698.000 Y=3953.000 Z=0.000) RuntimeGrid:None EditorOnly:0 RuntimeOnly:0 HLODRelevant:1 ListedInSceneOutliner:1 IsMainWorldOnly:0 FolderPath:Playground FolderGuid:C73F09FC4215536B1DCE2A9E0A830C70
 |   |   |- Guid:F2D922134FA71695278AC2AFDBB05B65 BaseClass: NativeClass:/Script/Engine.PointLight Name:PointLight_UAID_2CF05D9770E87C5402_2145443065 Label:PointLight3 SpatiallyLoaded:1 Bounds:IsValid=true, Min=(X=1225.647 Y=2123.647 Z=-417.353), Max=(X=2896.353 Y=3794.353 Z=1253.353) RuntimeGrid:None EditorOnly:0 RuntimeOnly:0 HLODRelevant:0 ListedInSceneOutliner:1 IsMainWorldOnly:0 Parent:AFB18A804662E8DB53A89C8FE3F5C7A8
 |   |   |- Guid:F526DE1B4F317903BE2889A481B4A508 BaseClass: NativeClass:/Script/Engine.StaticMeshActor Name:StaticMeshActor_UAID_2CF05D9770E87C5402_1154747043 Label:tmp_3nsq5_10 SpatiallyLoaded:1 Bounds:IsValid=true, Min=(X=1427.481 Y=3160.132 Z=-18.953), Max=(X=1454.686 Y=3394.194 Z=238.969) RuntimeGrid:None EditorOnly:0 RuntimeOnly:0 HLODRelevant:1 ListedInSceneOutliner:1 IsMainWorldOnly:0
 |   |   |- Guid:F5E3FEB3450C49844FD93DA8E083C8AD BaseClass: NativeClass:/Script/Engine.PostProcessVolume Name:PostProcessVolume_0 Label:PostProcessVolume SpatiallyLoaded:0 Bounds:IsValid=true, Min=(X=0.000 Y=0.000 Z=400.000), Max=(X=200.000 Y=200.000 Z=600.000) RuntimeGrid:None EditorOnly:0 RuntimeOnly:0 HLODRelevant:0 ListedInSceneOutliner:1 IsMainWorldOnly:0 FolderPath:Lighting FolderGuid:963EC3EB4002CCE9759E2EBA541A873A
 |   |   |- Guid:FB1E373D4FF0D3C1B32ED59CD52BF848 BaseClass: NativeClass:/Script/Engine.StaticMeshActor Name:StaticMeshActor_UAID_2CF05D9770E87C5402_1622174052 Label:tmp_3nsq5_14 SpatiallyLoaded:1 Bounds:IsValid=true, Min=(X=2095.132 Y=3364.314 Z=-18.953), Max=(X=2329.194 Y=3391.519 Z=238.969) RuntimeGrid:None EditorOnly:0 RuntimeOnly:0 HLODRelevant:1 ListedInSceneOutliner:1 IsMainWorldOnly:0
 |   |   |- Guid:FDC1BC744B31C18A42131D893B381724 BaseClass: NativeClass:/Script/Engine.StaticMeshActor Name:StaticMeshActor_UAID_2CF05D9770E87A5402_1916238675 Label:tmpy6n55pez SpatiallyLoaded:1 Bounds:IsValid=true, Min=(X=2360.000 Y=3230.000 Z=80.000), Max=(X=2360.000 Y=3230.000 Z=80.000) RuntimeGrid:None EditorOnly:0 RuntimeOnly:0 HLODRelevant:0 ListedInSceneOutliner:1 IsMainWorldOnly:0
 |   |   |- Guid:FF27BC9E46C435CFDCDDE4A300306F73 BaseClass: NativeClass:/Script/Engine.StaticMeshActor Name:StaticMeshActor_UAID_2CF05D9770E87C5402_1962037061 Label:Candle2 SpatiallyLoaded:1 Bounds:IsValid=true, Min=(X=1911.253 Y=3039.422 Z=104.257), Max=(X=1940.516 Y=3068.438 Z=161.017) RuntimeGrid:None EditorOnly:0 RuntimeOnly:0 HLODRelevant:1 ListedInSceneOutliner:1 IsMainWorldOnly:0
 |   |- [+] Clusters:
 |   |   |- [+] [  0]
 |   |   |   |- Guid:048D62E246899EC62FA595ADA678AD4C BaseClass: NativeClass:/Script/Engine.StaticMeshActor Name:StaticMeshActor_UAID_2CF05D9770E87C5402_1632478055 Label:tmp_3nsq5_17 SpatiallyLoaded:1 Bounds:IsValid=true, Min=(X=2724.314 Y=2720.806 Z=-18.953), Max=(X=2751.519 Y=2954.868 Z=238.969) RuntimeGrid:None EditorOnly:0 RuntimeOnly:0 HLODRelevant:1 ListedInSceneOutliner:1 IsMainWorldOnly:0
 |   |   |- [+] [  1]
 |   |   |   |- Guid:05126A5548A46ECB27515AA3A10083E5 BaseClass: NativeClass:/Script/Engine.StaticMeshActor Name:StaticMeshActor_UAID_2CF05D9770E8795402_2078161496 Label:tmp6uq9j4tj SpatiallyLoaded:1 Bounds:IsValid=true, Min=(X=1771.140 Y=3102.046 Z=0.559), Max=(X=1838.460 Y=3165.117 Z=138.880) RuntimeGrid:None EditorOnly:0 RuntimeOnly:0 HLODRelevant:1 ListedInSceneOutliner:1 IsMainWorldOnly:0
 |   |   |- [+] [  2]
 |   |   |   |- Guid:05DB0B86413AB0BD007B16974669265D BaseClass: NativeClass:/Script/Engine.StaticMeshActor Name:StaticMeshActor_UAID_2CF05D9770E87C5402_1193813046 Label:tmp_3nsq5_11 SpatiallyLoaded:1 Bounds:IsValid=true, Min=(X=1427.481 Y=2940.132 Z=-18.953), Max=(X=1454.686 Y=3174.194 Z=238.969) RuntimeGrid:None EditorOnly:0 RuntimeOnly:0 HLODRelevant:1 ListedInSceneOutliner:1 IsMainWorldOnly:0
 |   |   |- [+] [  3]
 |   |   |   |- Guid:0BF25E7A436E90B15B7A78A639DE4ED9 BaseClass: NativeClass:/Script/Engine.StaticMeshActor Name:StaticMeshActor_UAID_2CF05D9770E87C5402_1517225051 Label:tmp1m0o1gzw SpatiallyLoaded:1 Bounds:IsValid=true, Min=(X=1397.918 Y=2469.245 Z=235.525), Max=(X=2785.357 Y=3421.156 Z=672.818) RuntimeGrid:None EditorOnly:0 RuntimeOnly:0 HLODRelevant:1 ListedInSceneOutliner:1 IsMainWorldOnly:0
 |   |   |- [+] [  4]
 |   |   |   |- Guid:0D43498E49DD52DF2BDAE993AA1B2EF8 BaseClass: NativeClass:/Script/Engine.PointLight Name:PointLight_UAID_2CF05D9770E87D5402_1170688243 Label:PointLight4 SpatiallyLoaded:1 Bounds:IsValid=true, Min=(X=1868.647 Y=2063.647 Z=-789.353), Max=(X=3539.353 Y=3734.353 Z=881.353) RuntimeGrid:None EditorOnly:0 RuntimeOnly:0 HLODRelevant:0 ListedInSceneOutliner:1 IsMainWorldOnly:0 Parent:AFB18A804662E8DB53A89C8FE3F5C7A8
 |   |   |   |- Guid:5E982A764E333C395A68FF8A6095AA3A BaseClass: NativeClass:/Script/Engine.PointLight Name:PointLight_UAID_2CF05D9770E87C5402_1968671062 Label:PointLight2 SpatiallyLoaded:1 Bounds:IsValid=true, Min=(X=1089.647 Y=2217.647 Z=-665.353), Max=(X=2760.353 Y=3888.353 Z=1005.353) RuntimeGrid:None EditorOnly:0 RuntimeOnly:0 HLODRelevant:0 ListedInSceneOutliner:1 IsMainWorldOnly:0 Parent:AFB18A804662E8DB53A89C8FE3F5C7A8
 |   |   |   |- Guid:86D955B84B16008AD297E3841D2BBE7F BaseClass: NativeClass:/Script/Engine.PointLight Name:PointLight_UAID_2CF05D9770E87C5402_1764484059 Label:PointLight SpatiallyLoaded:1 Bounds:IsValid=true, Min=(X=941.647 Y=2217.647 Z=-665.353), Max=(X=2612.353 Y=3888.353 Z=1005.353) RuntimeGrid:None EditorOnly:0 RuntimeOnly:0 HLODRelevant:0 ListedInSceneOutliner:1 IsMainWorldOnly:0 Parent:AFB18A804662E8DB53A89C8FE3F5C7A8
 |   |   |   |- Guid:AFB18A804662E8DB53A89C8FE3F5C7A8 BaseClass: NativeClass:/Script/Engine.StaticMeshActor Name:StaticMeshActor_UAID_2CF05D9770E87A5402_1357475674 Label:Candle SpatiallyLoaded:1 Bounds:IsValid=true, Min=(X=1763.253 Y=3039.422 Z=104.257), Max=(X=1792.516 Y=3068.438 Z=161.017) RuntimeGrid:None EditorOnly:0 RuntimeOnly:0 HLODRelevant:1 ListedInSceneOutliner:1 IsMainWorldOnly:0
 |   |   |   |- Guid:F2D922134FA71695278AC2AFDBB05B65 BaseClass: NativeClass:/Script/Engine.PointLight Name:PointLight_UAID_2CF05D9770E87C5402_2145443065 Label:PointLight3 SpatiallyLoaded:1 Bounds:IsValid=true, Min=(X=1225.647 Y=2123.647 Z=-417.353), Max=(X=2896.353 Y=3794.353 Z=1253.353) RuntimeGrid:None EditorOnly:0 RuntimeOnly:0 HLODRelevant:0 ListedInSceneOutliner:1 IsMainWorldOnly:0 Parent:AFB18A804662E8DB53A89C8FE3F5C7A8
 |   |   |- [+] [  5]
 |   |   |   |- Guid:15EA932A49B6F013D54F18BA1FD8CA74 BaseClass: NativeClass:/Script/Engine.StaticMeshActor Name:StaticMeshActor_UAID_2CF05D9770E87B5402_1192032856 Label:tmpzvwn8bx6 SpatiallyLoaded:1 Bounds:IsValid=true, Min=(X=2848.351 Y=2104.043 Z=-8.967), Max=(X=3101.645 Y=2119.712 Z=248.956) RuntimeGrid:None EditorOnly:0 RuntimeOnly:0 HLODRelevant:1 ListedInSceneOutliner:1 IsMainWorldOnly:0
 |   |   |- [+] [  6]
 |   |   |   |- Guid:15F42AF84983D5B375FBB0BD1D9829E0 BaseClass: NativeClass:/Script/Engine.StaticMeshActor Name:StaticMeshActor_UAID_2CF05D9770E87B5402_1303520859 Label:tmp_3nsq5_5 SpatiallyLoaded:1 Bounds:IsValid=true, Min=(X=1650.806 Y=2498.481 Z=-18.953), Max=(X=1884.868 Y=2525.686 Z=238.969) RuntimeGrid:None EditorOnly:0 RuntimeOnly:0 HLODRelevant:1 ListedInSceneOutliner:1 IsMainWorldOnly:0
 |   |   |- [+] [  7]
 |   |   |   |- Guid:1F88BFD0400EEDC20799439EEC8E8758 BaseClass: NativeClass:/Script/Engine.StaticMeshActor Name:StaticMeshActor_UAID_2CF05D9770E87D5402_1159271242 Label:tmpldeupncw SpatiallyLoaded:1 Bounds:IsValid=true, Min=(X=2697.291 Y=2804.904 Z=-1.205), Max=(X=2745.098 Y=2996.726 Z=197.209) RuntimeGrid:None EditorOnly:0 RuntimeOnly:0 HLODRelevant:1 ListedInSceneOutliner:1 IsMainWorldOnly:0
 |   |   |- [+] [  8]
 |   |   |   |- Guid:20F8D5EB49457CD33801CCB927A1EFCD BaseClass: NativeClass:/Script/Engine.StaticMeshActor Name:StaticMeshActor_UAID_2CF05D9770E87A5402_2038601676 Label:tmpxlsfk_8l SpatiallyLoaded:1 Bounds:IsValid=true, Min=(X=2693.667 Y=1856.776 Z=0.780), Max=(X=2706.279 Y=2055.223 Z=199.224) RuntimeGrid:None EditorOnly:0 RuntimeOnly:0 HLODRelevant:1 ListedInSceneOutliner:1 IsMainWorldOnly:0
 |   |   |- [+] [  9]
 |   |   |   |- Guid:2874484A4533BFEAE29DEB902EC9B6D2 BaseClass: NativeClass:/Script/Engine.StaticMeshActor Name:StaticMeshActor_UAID_2CF05D9770E87B5402_1251169857 Label:tmp_3nsq5_3 SpatiallyLoaded:1 Bounds:IsValid=true, Min=(X=1430.806 Y=2498.481 Z=-18.953), Max=(X=1664.868 Y=2525.686 Z=238.969) RuntimeGrid:None EditorOnly:0 RuntimeOnly:0 HLODRelevant:1 ListedInSceneOutliner:1 IsMainWorldOnly:0
 |   |   |- [+] [ 10]
 |   |   |   |- Guid:2C93F9B644AECE4DF2CAC8A9BF1CD8B2 BaseClass: NativeClass:/Script/Engine.StaticMeshActor Name:StaticMeshActor_UAID_2CF05D9770E87B5402_1299059858 Label:tmp_3nsq5_4 SpatiallyLoaded:1 Bounds:IsValid=true, Min=(X=1870.806 Y=2498.481 Z=-18.953), Max=(X=2104.868 Y=2525.686 Z=238.969) RuntimeGrid:None EditorOnly:0 RuntimeOnly:0 HLODRelevant:1 ListedInSceneOutliner:1 IsMainWorldOnly:0
 |   |   |- [+] [ 11]
 |   |   |   |- Guid:2FB58999456391D349DC0F86DAC136ED BaseClass: NativeClass:/Script/Engine.SkyLight Name:SkyLight_1 Label:SkyLight SpatiallyLoaded:0 Bounds:IsValid=true, Min=(X=-2.000 Y=0.000 Z=690.000), Max=(X=-2.000 Y=0.000 Z=690.000) RuntimeGrid:None EditorOnly:0 RuntimeOnly:0 HLODRelevant:0 ListedInSceneOutliner:1 IsMainWorldOnly:0 FolderPath:Lighting FolderGuid:963EC3EB4002CCE9759E2EBA541A873A
 |   |   |- [+] [ 12]
 |   |   |   |- Guid:316CF2A6494ACA4C0E4180A87D36AB8F BaseClass: NativeClass:/Script/Engine.ExponentialHeightFog Name:ExponentialHeightFog_0 Label:ExponentialHeightFog SpatiallyLoaded:0 Bounds:IsValid=true, Min=(X=-5600.000 Y=-50.000 Z=-6850.000), Max=(X=-5600.000 Y=-50.000 Z=-6850.000) RuntimeGrid:None EditorOnly:0 RuntimeOnly:0 HLODRelevant:0 ListedInSceneOutliner:1 IsMainWorldOnly:0 FolderPath:Lighting FolderGuid:963EC3EB4002CCE9759E2EBA541A873A
 |   |   |- [+] [ 13]
 |   |   |   |- Guid:320DE5F941F94953F9F2CB85909C3AC9 BaseClass: NativeClass:/Script/Engine.StaticMeshActor Name:StaticMeshActor_UAID_2CF05D9770E87C5402_1674897057 Label:tmp_3nsq5_19 SpatiallyLoaded:1 Bounds:IsValid=true, Min=(X=2468.761 Y=2498.481 Z=-18.953), Max=(X=2756.837 Y=2525.686 Z=238.969) RuntimeGrid:None EditorOnly:0 RuntimeOnly:0 HLODRelevant:1 ListedInSceneOutliner:1 IsMainWorldOnly:0
 |   |   |- [+] [ 14]
 |   |   |   |- Guid:35755C8F45564B49BC378996EEB07668 BaseClass: NativeClass:/Script/Engine.StaticMeshActor Name:StaticMeshActor_UAID_2CF05D9770E87C5402_1632476054 Label:tmp_3nsq5_16 SpatiallyLoaded:1 Bounds:IsValid=true, Min=(X=2724.314 Y=2939.806 Z=-18.953), Max=(X=2751.519 Y=3173.868 Z=238.969) RuntimeGrid:None EditorOnly:0 RuntimeOnly:0 HLODRelevant:1 ListedInSceneOutliner:1 IsMainWorldOnly:0
 |   |   |- [+] [ 15]
 |   |   |   |- Guid:3A00AA1C422CE54C0BDB60BAF471BFBB BaseClass: NativeClass:/Script/Engine.PlayerStart Name:PlayerStart_0 Label:PlayerStart SpatiallyLoaded:0 Bounds:IsValid=true, Min=(X=860.000 Y=690.000 Z=0.013), Max=(X=940.000 Y=770.000 Z=184.013) RuntimeGrid:None EditorOnly:0 RuntimeOnly:0 HLODRelevant:0 ListedInSceneOutliner:1 IsMainWorldOnly:0
 |   |   |- [+] [ 16]
 |   |   |   |- Guid:3E04BF8B41026D9E842FD5BAF1ECB022 BaseClass: NativeClass:/Script/Engine.StaticMeshActor Name:StaticMeshActor_UAID_2CF05D9770E87B5402_1332316860 Label:tmp_3nsq5_6 SpatiallyLoaded:1 Bounds:IsValid=true, Min=(X=2250.806 Y=2498.481 Z=-18.953), Max=(X=2484.868 Y=2525.686 Z=238.969) RuntimeGrid:None EditorOnly:0 RuntimeOnly:0 HLODRelevant:1 ListedInSceneOutliner:1 IsMainWorldOnly:0
 |   |   |- [+] [ 17]
 |   |   |   |- Guid:431EE75A4F9503A879F7ADBE8631CA65 BaseClass: NativeClass:/Script/Engine.StaticMeshActor Name:StaticMeshActor_UAID_2CF05D9770E87C5402_1707479058 Label:tmp_3nsq5_20 SpatiallyLoaded:1 Bounds:IsValid=true, Min=(X=2307.254 Y=3364.314 Z=-18.953), Max=(X=2757.373 Y=3391.519 Z=238.969) RuntimeGrid:None EditorOnly:0 RuntimeOnly:0 HLODRelevant:1 ListedInSceneOutliner:1 IsMainWorldOnly:0
 |   |   |- [+] [ 18]
 |   |   |   |- Guid:484BA3E2492764A70D99C988AFA74261 BaseClass: NativeClass:/Script/Engine.StaticMeshActor Name:StaticMeshActor_UAID_2CF05D9770E8765402_1180558967 Label:tmpnvy9tf4m SpatiallyLoaded:1 Bounds:IsValid=true, Min=(X=2249.757 Y=675.337 Z=0.832), Max=(X=2390.235 Y=825.884 Z=199.026) RuntimeGrid:None EditorOnly:0 RuntimeOnly:0 HLODRelevant:1 ListedInSceneOutliner:1 IsMainWorldOnly:0
 |   |   |- [+] [ 19]
 |   |   |   |- Guid:4D3BE93F4146AAAC8BBE79999D96D57F BaseClass: NativeClass:/Script/Engine.VolumetricCloud Name:VolumetricCloud_0 Label:VolumetricCloud SpatiallyLoaded:0 Bounds:IsValid=true, Min=(X=0.000 Y=0.000 Z=820.000), Max=(X=0.000 Y=0.000 Z=820.000) RuntimeGrid:None EditorOnly:0 RuntimeOnly:0 HLODRelevant:0 ListedInSceneOutliner:1 IsMainWorldOnly:0 FolderPath:Lighting FolderGuid:963EC3EB4002CCE9759E2EBA541A873A
 |   |   |- [+] [ 20]
 |   |   |   |- Guid:6BAF4DDD444C60371492D3919DB42C97 BaseClass: NativeClass:/Script/Engine.WorldDataLayers Name:WorldDataLayers Label:WorldDataLayers SpatiallyLoaded:0 Bounds:IsValid=true, Min=(X=0.000 Y=0.000 Z=0.000), Max=(X=0.000 Y=0.000 Z=0.000) RuntimeGrid:None EditorOnly:0 RuntimeOnly:0 HLODRelevant:0 ListedInSceneOutliner:1 IsMainWorldOnly:1
 |   |   |- [+] [ 21]
 |   |   |   |- Guid:6E47FEB74A1A393E2DAE99B429D44561 BaseClass: NativeClass:/Script/Engine.StaticMeshActor Name:StaticMeshActor_UAID_2CF05D9770E87A5402_2131338677 Label:tmp3tpmv0yc SpatiallyLoaded:1 Bounds:IsValid=true, Min=(X=2255.286 Y=2348.592 Z=0.975), Max=(X=2280.710 Y=2516.818 Z=239.026) RuntimeGrid:None EditorOnly:0 RuntimeOnly:0 HLODRelevant:1 ListedInSceneOutliner:1 IsMainWorldOnly:0
 |   |   |- [+] [ 22]
 |   |   |   |- Guid:8A375F1948E2ED5290E270A4AF28B675 BaseClass: NativeClass:/Script/Engine.StaticMeshActor Name:StaticMeshActor_UAID_2CF05D9770E87C5402_1632474053 Label:tmp_3nsq5_15 SpatiallyLoaded:1 Bounds:IsValid=true, Min=(X=2724.314 Y=3159.806 Z=-18.953), Max=(X=2751.519 Y=3393.868 Z=238.969) RuntimeGrid:None EditorOnly:0 RuntimeOnly:0 HLODRelevant:1 ListedInSceneOutliner:1 IsMainWorldOnly:0
 |   |   |- [+] [ 23]
 |   |   |   |- Guid:8C594F9B450BE8794558DE96D50BDA13 BaseClass: NativeClass:/Script/Engine.StaticMeshActor Name:StaticMeshActor_UAID_2CF05D9770E87C5402_1138868041 Label:tmp_3nsq5_8 SpatiallyLoaded:1 Bounds:IsValid=true, Min=(X=1873.132 Y=3364.314 Z=-18.953), Max=(X=2107.194 Y=3391.519 Z=238.969) RuntimeGrid:None EditorOnly:0 RuntimeOnly:0 HLODRelevant:1 ListedInSceneOutliner:1 IsMainWorldOnly:0
 |   |   |- [+] [ 24]
 |   |   |   |- Guid:8F2FF35C447C6D37ED87B2A98FFEAD4B BaseClass: NativeClass:/Script/Engine.StaticMeshActor Name:StaticMeshActor_UAID_2CF05D9770E87C5402_2111294064 Label:tmpurqmkv7e SpatiallyLoaded:1 Bounds:IsValid=true, Min=(X=1994.635 Y=2890.198 Z=402.867), Max=(X=2126.884 Y=3019.404 Z=590.148) RuntimeGrid:None EditorOnly:0 RuntimeOnly:0 HLODRelevant:1 ListedInSceneOutliner:1 IsMainWorldOnly:0
 |   |   |- [+] [ 25]
 |   |   |   |- Guid:99DEB71E45446792C7B59B98BBA7AAE8 BaseClass: NativeClass:/Script/Engine.StaticMeshActor Name:StaticMeshActor_UAID_2CF05D9770E87C5402_1138869042 Label:tmp_3nsq5_9 SpatiallyLoaded:1 Bounds:IsValid=true, Min=(X=1653.132 Y=3364.314 Z=-18.953), Max=(X=1887.194 Y=3391.519 Z=238.969) RuntimeGrid:None EditorOnly:0 RuntimeOnly:0 HLODRelevant:1 ListedInSceneOutliner:1 IsMainWorldOnly:0
 |   |   |- [+] [ 26]
 |   |   |   |- Guid:9B8E8DC842DC1F9236F68696D4AE4288 BaseClass: NativeClass:/Script/Engine.StaticMeshActor Name:StaticMeshActor_UAID_2CF05D9770E87C5402_1219098048 Label:tmp_3nsq5_13 SpatiallyLoaded:1 Bounds:IsValid=true, Min=(X=1427.481 Y=2501.132 Z=-18.953), Max=(X=1454.686 Y=2735.194 Z=238.969) RuntimeGrid:None EditorOnly:0 RuntimeOnly:0 HLODRelevant:1 ListedInSceneOutliner:1 IsMainWorldOnly:0
 |   |   |- [+] [ 27]
 |   |   |   |- Guid:ADCD49B24A3420EB3411DDB3FE215EFE BaseClass: NativeClass:/Script/Engine.StaticMeshActor Name:StaticMeshActor_UAID_2CF05D9770E87B5402_1484946862 Label:tmp6uq9j4tj3 SpatiallyLoaded:1 Bounds:IsValid=true, Min=(X=1871.540 Y=2942.883 Z=0.559), Max=(X=1938.860 Y=3005.954 Z=138.880) RuntimeGrid:None EditorOnly:0 RuntimeOnly:0 HLODRelevant:1 ListedInSceneOutliner:1 IsMainWorldOnly:0
 |   |   |- [+] [ 28]
 |   |   |   |- Guid:AEC9BF0B475A7B1BBE0ED78846ED8D39 BaseClass: NativeClass:/Script/Engine.StaticMeshActor Name:StaticMeshActor_UAID_2CF05D9770E87C5402_1138867040 Label:tmp_3nsq5_7 SpatiallyLoaded:1 Bounds:IsValid=true, Min=(X=1433.132 Y=3364.314 Z=-18.953), Max=(X=1667.194 Y=3391.519 Z=238.969) RuntimeGrid:None EditorOnly:0 RuntimeOnly:0 HLODRelevant:1 ListedInSceneOutliner:1 IsMainWorldOnly:0
 |   |   |- [+] [ 29]
 |   |   |   |- Guid:B785ED2844B84CFB91E7F39FE661CD99 BaseClass: NativeClass:/Script/Engine.DirectionalLight Name:DirectionalLight_0 Label:DirectionalLight SpatiallyLoaded:0 Bounds:IsValid=true, Min=(X=-4398046511104.000 Y=-4398046511104.000 Z=-4398046511104.000), Max=(X=4398046511104.000 Y=4398046511104.000 Z=4398046511104.000) RuntimeGrid:None EditorOnly:0 RuntimeOnly:0 HLODRelevant:0 ListedInSceneOutliner:1 IsMainWorldOnly:0 FolderPath:Lighting FolderGuid:963EC3EB4002CCE9759E2EBA541A873A
 |   |   |- [+] [ 30]
 |   |   |   |- Guid:BEF7E8F94431713B20AB76A313D4F8DE BaseClass: NativeClass:/Script/Engine.StaticMeshActor Name:StaticMeshActor_UAID_2CF05D9770E87B5402_1495560863 Label:tmp6uq9j4tj4 SpatiallyLoaded:1 Bounds:IsValid=true, Min=(X=1781.540 Y=2942.883 Z=0.559), Max=(X=1848.860 Y=3005.954 Z=138.880) RuntimeGrid:None EditorOnly:0 RuntimeOnly:0 HLODRelevant:1 ListedInSceneOutliner:1 IsMainWorldOnly:0
 |   |   |- [+] [ 31]
 |   |   |   |- Guid:BFC6D0444B854E81A8C3C980124050FD BaseClass: NativeClass:/Script/Engine.StaticMeshActor Name:StaticMeshActor_UAID_2CF05D9770E87C5402_1202447047 Label:tmp_3nsq5_12 SpatiallyLoaded:1 Bounds:IsValid=true, Min=(X=1427.481 Y=2721.132 Z=-18.953), Max=(X=1454.686 Y=2955.194 Z=238.969) RuntimeGrid:None EditorOnly:0 RuntimeOnly:0 HLODRelevant:1 ListedInSceneOutliner:1 IsMainWorldOnly:0
 |   |   |- [+] [ 32]
 |   |   |   |- Guid:C5D863164AD6F70BF199548F6F57594B BaseClass: NativeClass:/Script/Engine.StaticMeshActor Name:StaticMeshActor_UAID_2CF05D9770E87C5402_1343962049 Label:tmpixp3_5wg SpatiallyLoaded:1 Bounds:IsValid=true, Min=(X=1672.301 Y=2650.445 Z=-1.540), Max=(X=2006.281 Y=2819.885 Z=1.203) RuntimeGrid:None EditorOnly:0 RuntimeOnly:0 HLODRelevant:1 ListedInSceneOutliner:1 IsMainWorldOnly:0
 |   |   |- [+] [ 33]
 |   |   |   |- Guid:CCFF262C46EEFFDF319E7F9539CE697E BaseClass: NativeClass:/Script/Engine.SkyAtmosphere Name:SkyAtmosphere_0 Label:SkyAtmosphere SpatiallyLoaded:0 Bounds:IsValid=true, Min=(X=0.000 Y=0.000 Z=1020.000), Max=(X=0.000 Y=0.000 Z=1020.000) RuntimeGrid:None EditorOnly:0 RuntimeOnly:0 HLODRelevant:0 ListedInSceneOutliner:1 IsMainWorldOnly:0 FolderPath:Lighting FolderGuid:963EC3EB4002CCE9759E2EBA541A873A
 |   |   |- [+] [ 34]
 |   |   |   |- Guid:DEAD5F0546F26EEEB3A7AF8A312D72A5 BaseClass: NativeClass:/Script/Engine.StaticMeshActor Name:StaticMeshActor_UAID_2CF05D9770E87B5402_1481661861 Label:tmp6uq9j4tj2 SpatiallyLoaded:1 Bounds:IsValid=true, Min=(X=1871.140 Y=3102.046 Z=0.559), Max=(X=1938.460 Y=3165.117 Z=138.880) RuntimeGrid:None EditorOnly:0 RuntimeOnly:0 HLODRelevant:1 ListedInSceneOutliner:1 IsMainWorldOnly:0
 |   |   |- [+] [ 35]
 |   |   |   |- Guid:E6817D7A43DD4171C7FF62B82CA7F460 BaseClass: NativeClass:/Script/Engine.StaticMeshActor Name:StaticMeshActor_UAID_2CF05D9770E87C5402_2010757063 Label:tmpixp3_5wg2 SpatiallyLoaded:1 Bounds:IsValid=true, Min=(X=2327.115 Y=2718.301 Z=-1.540), Max=(X=2496.555 Y=3052.281 Z=1.203) RuntimeGrid:None EditorOnly:0 RuntimeOnly:0 HLODRelevant:1 ListedInSceneOutliner:1 IsMainWorldOnly:0
 |   |   |- [+] [ 36]
 |   |   |   |- Guid:EC4E0C944CE6AC6E784BC6BB2916EA13 BaseClass: NativeClass:/Script/Engine.StaticMeshActor Name:StaticMeshActor_UAID_A4AE111137DC5EFB00_1110535423 Label:SM_SkySphere SpatiallyLoaded:0 Bounds:IsValid=true, Min=(X=-1638400.000 Y=-1638400.000 Z=-1638400.000), Max=(X=1638400.000 Y=1638400.000 Z=1638400.000) RuntimeGrid:None EditorOnly:0 RuntimeOnly:0 HLODRelevant:1 ListedInSceneOutliner:1 IsMainWorldOnly:0 FolderPath:Lighting FolderGuid:963EC3EB4002CCE9759E2EBA541A873A
 |   |   |- [+] [ 37]
 |   |   |   |- Guid:ED64189446F122D6835837B9F8638353 BaseClass: NativeClass:/Script/Engine.StaticMeshActor Name:StaticMeshActor_UAID_2CF05D9770E8795402_2145046497 Label:tmp6e6_elv7 SpatiallyLoaded:1 Bounds:IsValid=true, Min=(X=1716.198 Y=2967.636 Z=-4.749), Max=(X=2013.809 Y=3120.365 Z=104.689) RuntimeGrid:None EditorOnly:0 RuntimeOnly:0 HLODRelevant:1 ListedInSceneOutliner:1 IsMainWorldOnly:0
 |   |   |- [+] [ 38]
 |   |   |   |- Guid:ED789CCE49A89ED71E5C39B3D00B62EC BaseClass: NativeClass:/Script/Engine.StaticMeshActor Name:StaticMeshActor_UAID_2CF05D9770E87C5402_1632480056 Label:tmp_3nsq5_18 SpatiallyLoaded:1 Bounds:IsValid=true, Min=(X=2724.314 Y=2500.806 Z=-18.953), Max=(X=2751.519 Y=2734.868 Z=238.969) RuntimeGrid:None EditorOnly:0 RuntimeOnly:0 HLODRelevant:1 ListedInSceneOutliner:1 IsMainWorldOnly:0
 |   |   |- [+] [ 39]
 |   |   |   |- Guid:F1924B8D48954B30891B2DB6A694F9CC BaseClass: NativeClass:/Script/Engine.StaticMeshActor Name:StaticMeshActor_1 Label:SM_Cube SpatiallyLoaded:1 Bounds:IsValid=true, Min=(X=-1302.000 Y=-1047.000 Z=-50.000), Max=(X=3698.000 Y=3953.000 Z=0.000) RuntimeGrid:None EditorOnly:0 RuntimeOnly:0 HLODRelevant:1 ListedInSceneOutliner:1 IsMainWorldOnly:0 FolderPath:Playground FolderGuid:C73F09FC4215536B1DCE2A9E0A830C70
 |   |   |- [+] [ 40]
 |   |   |   |- Guid:F526DE1B4F317903BE2889A481B4A508 BaseClass: NativeClass:/Script/Engine.StaticMeshActor Name:StaticMeshActor_UAID_2CF05D9770E87C5402_1154747043 Label:tmp_3nsq5_10 SpatiallyLoaded:1 Bounds:IsValid=true, Min=(X=1427.481 Y=3160.132 Z=-18.953), Max=(X=1454.686 Y=3394.194 Z=238.969) RuntimeGrid:None EditorOnly:0 RuntimeOnly:0 HLODRelevant:1 ListedInSceneOutliner:1 IsMainWorldOnly:0
 |   |   |- [+] [ 41]
 |   |   |   |- Guid:F5E3FEB3450C49844FD93DA8E083C8AD BaseClass: NativeClass:/Script/Engine.PostProcessVolume Name:PostProcessVolume_0 Label:PostProcessVolume SpatiallyLoaded:0 Bounds:IsValid=true, Min=(X=0.000 Y=0.000 Z=400.000), Max=(X=200.000 Y=200.000 Z=600.000) RuntimeGrid:None EditorOnly:0 RuntimeOnly:0 HLODRelevant:0 ListedInSceneOutliner:1 IsMainWorldOnly:0 FolderPath:Lighting FolderGuid:963EC3EB4002CCE9759E2EBA541A873A
 |   |   |- [+] [ 42]
 |   |   |   |- Guid:FB1E373D4FF0D3C1B32ED59CD52BF848 BaseClass: NativeClass:/Script/Engine.StaticMeshActor Name:StaticMeshActor_UAID_2CF05D9770E87C5402_1622174052 Label:tmp_3nsq5_14 SpatiallyLoaded:1 Bounds:IsValid=true, Min=(X=2095.132 Y=3364.314 Z=-18.953), Max=(X=2329.194 Y=3391.519 Z=238.969) RuntimeGrid:None EditorOnly:0 RuntimeOnly:0 HLODRelevant:1 ListedInSceneOutliner:1 IsMainWorldOnly:0
 |   |   |- [+] [ 43]
 |   |   |   |- Guid:FDC1BC744B31C18A42131D893B381724 BaseClass: NativeClass:/Script/Engine.StaticMeshActor Name:StaticMeshActor_UAID_2CF05D9770E87A5402_1916238675 Label:tmpy6n55pez SpatiallyLoaded:1 Bounds:IsValid=true, Min=(X=2360.000 Y=3230.000 Z=80.000), Max=(X=2360.000 Y=3230.000 Z=80.000) RuntimeGrid:None EditorOnly:0 RuntimeOnly:0 HLODRelevant:0 ListedInSceneOutliner:1 IsMainWorldOnly:0
 |   |   |- [+] [ 44]
 |   |   |   |- Guid:FF27BC9E46C435CFDCDDE4A300306F73 BaseClass: NativeClass:/Script/Engine.StaticMeshActor Name:StaticMeshActor_UAID_2CF05D9770E87C5402_1962037061 Label:Candle2 SpatiallyLoaded:1 Bounds:IsValid=true, Min=(X=1911.253 Y=3039.422 Z=104.257), Max=(X=1940.516 Y=3068.438 Z=161.017) RuntimeGrid:None EditorOnly:0 RuntimeOnly:0 HLODRelevant:1 ListedInSceneOutliner:1 IsMainWorldOnly:0
 |- ContainerInstances:
 |- [+] MainContainer:
 |   |-        ID: 00000000000000000000000000000000
 |   |-  ParentID: 00000000000000000000000000000000
 |   |-    Bounds: IsValid=false, Min=(X=0.000 Y=0.000 Z=0.000), Max=(X=0.000 Y=0.000 Z=0.000)
 |   |- Transform: 0.000000,0.000000,0.000000|0.000000,0.000000,-0.000000|1.000000,1.000000,1.000000
 |   |- Container: /Game/ThirdPerson/Maps/ThirdPersonMap
----------------------------------------------------------------------------------------------------------------
ThirdPersonMap - Persistent Level
----------------------------------------------------------------------------------------------------------------
[+] Content of ThirdPersonMap Persistent Level
 |- Always loaded Actor Count: 56 
 |- Actor Path: /Game/ThirdPerson/Maps/ThirdPersonMap.ThirdPersonMap:PersistentLevel.AbstractNavData-Default
 |- Actor Package: /Game/ThirdPerson/Maps/ThirdPersonMap
 |- Actor Path: /Game/ThirdPerson/Maps/ThirdPersonMap.ThirdPersonMap:PersistentLevel.Brush_0
 |- Actor Package: /Game/ThirdPerson/Maps/ThirdPersonMap
 |- Actor Path: /Game/ThirdPerson/Maps/ThirdPersonMap.ThirdPersonMap:PersistentLevel.DefaultPhysicsVolume_0
 |- Actor Package: /Game/ThirdPerson/Maps/ThirdPersonMap
 |- Actor Path: /Game/ThirdPerson/Maps/ThirdPersonMap.ThirdPersonMap:PersistentLevel.DirectionalLight_0
 |- Actor Package: /Game/__ExternalActors__/ThirdPerson/Maps/ThirdPersonMap/5/R1/TS5OQ5CRUWFZYL1ZQ7I416
 |- Actor Path: /Game/ThirdPerson/Maps/ThirdPersonMap.ThirdPersonMap:PersistentLevel.ExponentialHeightFog_0
 |- Actor Package: /Game/__ExternalActors__/ThirdPerson/Maps/ThirdPersonMap/6/J7/N10XDC9G27EMLS5AGZ6AVV
 |- Actor Path: /Game/ThirdPerson/Maps/ThirdPersonMap.ThirdPersonMap:PersistentLevel.GameplayDebuggerPlayerManager_0
 |- Actor Package: /Game/ThirdPerson/Maps/ThirdPersonMap
 |- Actor Path: /Game/ThirdPerson/Maps/ThirdPersonMap.ThirdPersonMap:PersistentLevel.PlayerStart_0
 |- Actor Package: /Game/__ExternalActors__/ThirdPerson/Maps/ThirdPersonMap/D/DE/SWSI13675DVYIZ0N4NF7Y3
 |- Actor Path: /Game/ThirdPerson/Maps/ThirdPersonMap.ThirdPersonMap:PersistentLevel.PointLight_UAID_2CF05D9770E87C5402_1764484059
 |- Actor Package: /Game/__ExternalActors__/ThirdPerson/Maps/ThirdPersonMap/4/K1/3V6SG6WP4D8CDMAEJYCEA4
 |- Actor Path: /Game/ThirdPerson/Maps/ThirdPersonMap.ThirdPersonMap:PersistentLevel.PointLight_UAID_2CF05D9770E87C5402_1968671062
 |- Actor Package: /Game/__ExternalActors__/ThirdPerson/Maps/ThirdPersonMap/0/8J/VE0U38B6PD32EZ1W77P6UM
 |- Actor Path: /Game/ThirdPerson/Maps/ThirdPersonMap.ThirdPersonMap:PersistentLevel.PointLight_UAID_2CF05D9770E87C5402_2145443065
 |- Actor Package: /Game/__ExternalActors__/ThirdPerson/Maps/ThirdPersonMap/7/N7/R3FRY5I4736OM3R5H4CU3C
 |- Actor Path: /Game/ThirdPerson/Maps/ThirdPersonMap.ThirdPersonMap:PersistentLevel.PointLight_UAID_2CF05D9770E87D5402_1170688243
 |- Actor Package: /Game/__ExternalActors__/ThirdPerson/Maps/ThirdPersonMap/2/0T/EI9567TPRAVOMQNPGM5ZCC
 |- Actor Path: /Game/ThirdPerson/Maps/ThirdPersonMap.ThirdPersonMap:PersistentLevel.PostProcessVolume_0
 |- Actor Package: /Game/__ExternalActors__/ThirdPerson/Maps/ThirdPersonMap/1/AZ/A7GPT109Y6ZTTJD4A7TXER
 |- Actor Path: /Game/ThirdPerson/Maps/ThirdPersonMap.ThirdPersonMap:PersistentLevel.SkyAtmosphere_0
 |- Actor Package: /Game/__ExternalActors__/ThirdPerson/Maps/ThirdPersonMap/4/LN/30UBDLYFFA5ZR7U4W4L4GG
 |- Actor Path: /Game/ThirdPerson/Maps/ThirdPersonMap.ThirdPersonMap:PersistentLevel.SkyLight_1
 |- Actor Package: /Game/__ExternalActors__/ThirdPerson/Maps/ThirdPersonMap/8/S1/DXUWD12MD3HRWVVXX076BY
 |- Actor Path: /Game/ThirdPerson/Maps/ThirdPersonMap.ThirdPersonMap:PersistentLevel.StaticMeshActor_1
 |- Actor Package: /Game/__ExternalActors__/ThirdPerson/Maps/ThirdPersonMap/6/YO/NG2R9BPZVA7ZDN0Z4VSTG6
 |- Actor Path: /Game/ThirdPerson/Maps/ThirdPersonMap.ThirdPersonMap:PersistentLevel.StaticMeshActor_UAID_2CF05D9770E8765402_1180558967
 |- Actor Package: /Game/__ExternalActors__/ThirdPerson/Maps/ThirdPersonMap/B/4W/RRX0YUUMO41PAWGAFYEGG1
 |- Actor Path: /Game/ThirdPerson/Maps/ThirdPersonMap.ThirdPersonMap:PersistentLevel.StaticMeshActor_UAID_2CF05D9770E8795402_2078161496
 |- Actor Package: /Game/__ExternalActors__/ThirdPerson/Maps/ThirdPersonMap/8/OG/TOL58BIK00OS4YSBCJQHL6
 |- Actor Path: /Game/ThirdPerson/Maps/ThirdPersonMap.ThirdPersonMap:PersistentLevel.StaticMeshActor_UAID_2CF05D9770E8795402_2145046497
 |- Actor Package: /Game/__ExternalActors__/ThirdPerson/Maps/ThirdPersonMap/C/CJ/FOQ53I9P2C4EC97PIZWP3N
 |- Actor Path: /Game/ThirdPerson/Maps/ThirdPersonMap.ThirdPersonMap:PersistentLevel.StaticMeshActor_UAID_2CF05D9770E87A5402_1357475674
 |- Actor Package: /Game/__ExternalActors__/ThirdPerson/Maps/ThirdPersonMap/B/ZV/LVVPVLSL0FDVYPVIRBHHBM
 |- Actor Path: /Game/ThirdPerson/Maps/ThirdPersonMap.ThirdPersonMap:PersistentLevel.StaticMeshActor_UAID_2CF05D9770E87A5402_1916238675
 |- Actor Package: /Game/__ExternalActors__/ThirdPerson/Maps/ThirdPersonMap/4/6P/DB9FPMULP13KOEHTWJG6Z6
 |- Actor Path: /Game/ThirdPerson/Maps/ThirdPersonMap.ThirdPersonMap:PersistentLevel.StaticMeshActor_UAID_2CF05D9770E87A5402_2038601676
 |- Actor Package: /Game/__ExternalActors__/ThirdPerson/Maps/ThirdPersonMap/8/5G/W48ZIDI18Y0XCOMGXCCCNH
 |- Actor Path: /Game/ThirdPerson/Maps/ThirdPersonMap.ThirdPersonMap:PersistentLevel.StaticMeshActor_UAID_2CF05D9770E87A5402_2131338677
 |- Actor Package: /Game/__ExternalActors__/ThirdPerson/Maps/ThirdPersonMap/3/FW/YXMC4JT516VH7QCSU15H2S
 |- Actor Path: /Game/ThirdPerson/Maps/ThirdPersonMap.ThirdPersonMap:PersistentLevel.StaticMeshActor_UAID_2CF05D9770E87B5402_1192032856
 |- Actor Package: /Game/__ExternalActors__/ThirdPerson/Maps/ThirdPersonMap/E/BY/E4ZHFTTOYU8AY1Y9VMI2P7
 |- Actor Path: /Game/ThirdPerson/Maps/ThirdPersonMap.ThirdPersonMap:PersistentLevel.StaticMeshActor_UAID_2CF05D9770E87B5402_1251169857
 |- Actor Package: /Game/__ExternalActors__/ThirdPerson/Maps/ThirdPersonMap/5/JJ/3XJHNLJW17DQMMXA3X6PTA
 |- Actor Path: /Game/ThirdPerson/Maps/ThirdPersonMap.ThirdPersonMap:PersistentLevel.StaticMeshActor_UAID_2CF05D9770E87B5402_1299059858
 |- Actor Package: /Game/__ExternalActors__/ThirdPerson/Maps/ThirdPersonMap/4/ST/ART5QYPGXIPP1GBAAWP77C
 |- Actor Path: /Game/ThirdPerson/Maps/ThirdPersonMap.ThirdPersonMap:PersistentLevel.StaticMeshActor_UAID_2CF05D9770E87B5402_1303520859
 |- Actor Package: /Game/__ExternalActors__/ThirdPerson/Maps/ThirdPersonMap/D/C3/MQP5NB36KZK7DSM5AUJNT2
 |- Actor Path: /Game/ThirdPerson/Maps/ThirdPersonMap.ThirdPersonMap:PersistentLevel.StaticMeshActor_UAID_2CF05D9770E87B5402_1332316860
 |- Actor Package: /Game/__ExternalActors__/ThirdPerson/Maps/ThirdPersonMap/8/RN/IREI17W4ALJXS43XLQMKW3
 |- Actor Path: /Game/ThirdPerson/Maps/ThirdPersonMap.ThirdPersonMap:PersistentLevel.StaticMeshActor_UAID_2CF05D9770E87B5402_1481661861
 |- Actor Package: /Game/__ExternalActors__/ThirdPerson/Maps/ThirdPersonMap/3/3O/0TPCMFGHTG2CS64DKNOQ2W
 |- Actor Path: /Game/ThirdPerson/Maps/ThirdPersonMap.ThirdPersonMap:PersistentLevel.StaticMeshActor_UAID_2CF05D9770E87B5402_1484946862
 |- Actor Package: /Game/__ExternalActors__/ThirdPerson/Maps/ThirdPersonMap/9/8S/B12D4LVENBKQBYK9CK9HOM
 |- Actor Path: /Game/ThirdPerson/Maps/ThirdPersonMap.ThirdPersonMap:PersistentLevel.StaticMeshActor_UAID_2CF05D9770E87B5402_1495560863
 |- Actor Package: /Game/__ExternalActors__/ThirdPerson/Maps/ThirdPersonMap/7/DQ/JFAFCNMK0XE144IZ3UZMNR
 |- Actor Path: /Game/ThirdPerson/Maps/ThirdPersonMap.ThirdPersonMap:PersistentLevel.StaticMeshActor_UAID_2CF05D9770E87C5402_1138867040
 |- Actor Package: /Game/__ExternalActors__/ThirdPerson/Maps/ThirdPersonMap/9/MK/8D5CSRY936ZJTK97IVD4R5
 |- Actor Path: /Game/ThirdPerson/Maps/ThirdPersonMap.ThirdPersonMap:PersistentLevel.StaticMeshActor_UAID_2CF05D9770E87C5402_1138868041
 |- Actor Package: /Game/__ExternalActors__/ThirdPerson/Maps/ThirdPersonMap/7/DE/F89FTSZJSZSHTVG0H84G1B
 |- Actor Path: /Game/ThirdPerson/Maps/ThirdPersonMap.ThirdPersonMap:PersistentLevel.StaticMeshActor_UAID_2CF05D9770E87C5402_1138869042
 |- Actor Package: /Game/__ExternalActors__/ThirdPerson/Maps/ThirdPersonMap/0/OK/L1QMEO2NO3UXEK7Z9VRL28
 |- Actor Path: /Game/ThirdPerson/Maps/ThirdPersonMap.ThirdPersonMap:PersistentLevel.StaticMeshActor_UAID_2CF05D9770E87C5402_1154747043
 |- Actor Package: /Game/__ExternalActors__/ThirdPerson/Maps/ThirdPersonMap/E/AN/4QRLTD25E2FNCUT984EH3A
 |- Actor Path: /Game/ThirdPerson/Maps/ThirdPersonMap.ThirdPersonMap:PersistentLevel.StaticMeshActor_UAID_2CF05D9770E87C5402_1193813046
 |- Actor Package: /Game/__ExternalActors__/ThirdPerson/Maps/ThirdPersonMap/7/8Y/4FVTQSF1HJ9JPZWR4NHSK8
 |- Actor Path: /Game/ThirdPerson/Maps/ThirdPersonMap.ThirdPersonMap:PersistentLevel.StaticMeshActor_UAID_2CF05D9770E87C5402_1202447047
 |- Actor Package: /Game/__ExternalActors__/ThirdPerson/Maps/ThirdPersonMap/B/8Z/D65XIFYVSRA32MOD5AGJYC
 |- Actor Path: /Game/ThirdPerson/Maps/ThirdPersonMap.ThirdPersonMap:PersistentLevel.StaticMeshActor_UAID_2CF05D9770E87C5402_1219098048
 |- Actor Package: /Game/__ExternalActors__/ThirdPerson/Maps/ThirdPersonMap/C/V6/OG1EMRPKCVEKIIWJEJ22F9
 |- Actor Path: /Game/ThirdPerson/Maps/ThirdPersonMap.ThirdPersonMap:PersistentLevel.StaticMeshActor_UAID_2CF05D9770E87C5402_1343962049
 |- Actor Package: /Game/__ExternalActors__/ThirdPerson/Maps/ThirdPersonMap/E/RL/V943OPK2WC7AJW316QRIK1
 |- Actor Path: /Game/ThirdPerson/Maps/ThirdPersonMap.ThirdPersonMap:PersistentLevel.StaticMeshActor_UAID_2CF05D9770E87C5402_1517225051
 |- Actor Package: /Game/__ExternalActors__/ThirdPerson/Maps/ThirdPersonMap/7/1R/OWAIX26S1WLIE13LU9W9TU
 |- Actor Path: /Game/ThirdPerson/Maps/ThirdPersonMap.ThirdPersonMap:PersistentLevel.StaticMeshActor_UAID_2CF05D9770E87C5402_1622174052
 |- Actor Package: /Game/__ExternalActors__/ThirdPerson/Maps/ThirdPersonMap/C/GV/WU7GD02PE0XKUWLIWY1FVA
 |- Actor Path: /Game/ThirdPerson/Maps/ThirdPersonMap.ThirdPersonMap:PersistentLevel.StaticMeshActor_UAID_2CF05D9770E87C5402_1632474053
 |- Actor Package: /Game/__ExternalActors__/ThirdPerson/Maps/ThirdPersonMap/6/CD/3Q4Y6QU5TQ3DFODPTE3B2S
 |- Actor Path: /Game/ThirdPerson/Maps/ThirdPersonMap.ThirdPersonMap:PersistentLevel.StaticMeshActor_UAID_2CF05D9770E87C5402_1632476054
 |- Actor Package: /Game/__ExternalActors__/ThirdPerson/Maps/ThirdPersonMap/B/K9/50MB7OEB97XAR7KGN231Y4
 |- Actor Path: /Game/ThirdPerson/Maps/ThirdPersonMap.ThirdPersonMap:PersistentLevel.StaticMeshActor_UAID_2CF05D9770E87C5402_1632478055
 |- Actor Package: /Game/__ExternalActors__/ThirdPerson/Maps/ThirdPersonMap/9/WS/7X83DJR5ED2EAN2J6CCPDP
 |- Actor Path: /Game/ThirdPerson/Maps/ThirdPersonMap.ThirdPersonMap:PersistentLevel.StaticMeshActor_UAID_2CF05D9770E87C5402_1632480056
 |- Actor Package: /Game/__ExternalActors__/ThirdPerson/Maps/ThirdPersonMap/1/Z9/97L943U4W2ANWJXSVSAI9C
 |- Actor Path: /Game/ThirdPerson/Maps/ThirdPersonMap.ThirdPersonMap:PersistentLevel.StaticMeshActor_UAID_2CF05D9770E87C5402_1674897057
 |- Actor Package: /Game/__ExternalActors__/ThirdPerson/Maps/ThirdPersonMap/1/GG/FVOAFVSZJFC5O5MO3AU5WR
 |- Actor Path: /Game/ThirdPerson/Maps/ThirdPersonMap.ThirdPersonMap:PersistentLevel.StaticMeshActor_UAID_2CF05D9770E87C5402_1707479058
 |- Actor Package: /Game/__ExternalActors__/ThirdPerson/Maps/ThirdPersonMap/5/AF/H8FU8LZGU14YGF1Z1VXRYY
 |- Actor Path: /Game/ThirdPerson/Maps/ThirdPersonMap.ThirdPersonMap:PersistentLevel.StaticMeshActor_UAID_2CF05D9770E87C5402_1962037061
 |- Actor Package: /Game/__ExternalActors__/ThirdPerson/Maps/ThirdPersonMap/1/XB/TFHB7X9DINBG2BT44BKGCG
 |- Actor Path: /Game/ThirdPerson/Maps/ThirdPersonMap.ThirdPersonMap:PersistentLevel.StaticMeshActor_UAID_2CF05D9770E87C5402_2010757063
 |- Actor Package: /Game/__ExternalActors__/ThirdPerson/Maps/ThirdPersonMap/3/6A/DDKM16MV22KS4B3M4A6LE5
 |- Actor Path: /Game/ThirdPerson/Maps/ThirdPersonMap.ThirdPersonMap:PersistentLevel.StaticMeshActor_UAID_2CF05D9770E87C5402_2111294064
 |- Actor Package: /Game/__ExternalActors__/ThirdPerson/Maps/ThirdPersonMap/1/AW/ZF7YAV68PUR6DT2LBRCRTB
 |- Actor Path: /Game/ThirdPerson/Maps/ThirdPersonMap.ThirdPersonMap:PersistentLevel.StaticMeshActor_UAID_2CF05D9770E87D5402_1159271242
 |- Actor Package: /Game/__ExternalActors__/ThirdPerson/Maps/ThirdPersonMap/7/RN/JT9U7CUN8Q91UFORARZP2U
 |- Actor Path: /Game/ThirdPerson/Maps/ThirdPersonMap.ThirdPersonMap:PersistentLevel.StaticMeshActor_UAID_A4AE111137DC5EFB00_1110535423
 |- Actor Package: /Game/__ExternalActors__/ThirdPerson/Maps/ThirdPersonMap/4/PN/2QISIGK5DJNQ05US8O8FXW
 |- Actor Path: /Game/ThirdPerson/Maps/ThirdPersonMap.ThirdPersonMap:PersistentLevel.ThirdPersonExampleMap_C_0
 |- Actor Package: /Game/ThirdPerson/Maps/ThirdPersonMap
 |- Actor Path: /Game/ThirdPerson/Maps/ThirdPersonMap.ThirdPersonMap:PersistentLevel.VolumetricCloud_0
 |- Actor Package: /Game/__ExternalActors__/ThirdPerson/Maps/ThirdPersonMap/3/EY/87SHEJN5UBEAN2K5OV1G6R
 |- Actor Path: /Game/ThirdPerson/Maps/ThirdPersonMap.ThirdPersonMap:PersistentLevel.WorldDataLayers
 |- Actor Package: /Game/__ExternalActors__/ThirdPerson/Maps/ThirdPersonMap/0/43/HYQWORMY4JDQ5X3OKZXFLC
 |- Actor Path: /Game/ThirdPerson/Maps/ThirdPersonMap.ThirdPersonMap:PersistentLevel.WorldInfo_0
 |- Actor Package: /Game/ThirdPerson/Maps/ThirdPersonMap
 |- Actor Path: /Game/ThirdPerson/Maps/ThirdPersonMap.ThirdPersonMap:PersistentLevel.WorldPartitionMiniMap_0
 |- Actor Package: /Game/__ExternalActors__/ThirdPerson/Maps/ThirdPersonMap/E/FR/LBG6LPN5JCL3FMVSI2CK6R

----------------------------------------------------------------------------------------------------------------
ThirdPersonMap - Runtime Spatial Hash - Streaming Grid - MainGrid
----------------------------------------------------------------------------------------------------------------
            Origin: X=0.000 Y=0.000 Z=0.000
         Cell Size: 12800
      World Bounds: IsValid=false, Min=(X=0.000 Y=0.000 Z=0.000), Max=(X=0.000 Y=0.000 Z=0.000)
     Loading Range: 25600.00
Block Slow Loading: No
 ClientOnlyVisible: No
            Origin: X=0.000 Y=0.000 Z=0.000

[+] Grid Levels: 1
 |- Level  0: Cell Count    0 | Cell Size   12800 | Actor Count    0 (0.0%)

[+] Content of Grid Level 0

